This is pdfTeX, Version 3.14159265-2.6-1.40.20 (TeX Live 2019) (preloaded format=pdflatex 2019.11.6)  5 JUN 2020 10:34
entering extended mode
 restricted \write18 enabled.
 %&-line parsing enabled.
**iacm_nips2020.tex
(./iacm_nips2020.tex
LaTeX2e <2018-12-01>
(/usr/local/texlive/2019/texmf-dist/tex/latex/base/article.cls
Document Class: article 2018/09/03 v1.4i Standard LaTeX document class
(/usr/local/texlive/2019/texmf-dist/tex/latex/base/size10.clo
File: size10.clo 2018/09/03 v1.4i Standard LaTeX file (size option)
)
\c@part=\count80
\c@section=\count81
\c@subsection=\count82
\c@subsubsection=\count83
\c@paragraph=\count84
\c@subparagraph=\count85
\c@figure=\count86
\c@table=\count87
\abovecaptionskip=\skip41
\belowcaptionskip=\skip42
\bibindent=\dimen102
)
(./neurips_2020.sty
Package: neurips_2020 2020/01/31 NeurIPS 2020 submission/camera-ready style fil
e

(/usr/local/texlive/2019/texmf-dist/tex/latex/environ/environ.sty
Package: environ 2014/05/04 v0.3 A new way to define environments

(/usr/local/texlive/2019/texmf-dist/tex/latex/trimspaces/trimspaces.sty
Package: trimspaces 2009/09/17 v1.1 Trim spaces around a token list
)
\@envbody=\toks14
)
(/usr/local/texlive/2019/texmf-dist/tex/latex/lineno/lineno.sty
Package: lineno 2005/11/02 line numbers on paragraphs v4.41
\linenopenalty=\count88
\output=\toks15
\linenoprevgraf=\count89
\linenumbersep=\dimen103
\linenumberwidth=\dimen104
\c@linenumber=\count90
\c@pagewiselinenumber=\count91
\c@LN@truepage=\count92
\c@internallinenumber=\count93
\c@internallinenumbers=\count94
\quotelinenumbersep=\dimen105
\bframerule=\dimen106
\bframesep=\dimen107
\bframebox=\box27
LaTeX Info: Redefining \\ on input line 3056.
)
(/usr/local/texlive/2019/texmf-dist/tex/latex/geometry/geometry.sty
Package: geometry 2018/04/16 v5.8 Page Geometry

(/usr/local/texlive/2019/texmf-dist/tex/latex/graphics/keyval.sty
Package: keyval 2014/10/28 v1.15 key=value parser (DPC)
\KV@toks@=\toks16
)
(/usr/local/texlive/2019/texmf-dist/tex/generic/oberdiek/ifpdf.sty
Package: ifpdf 2018/09/07 v3.3 Provides the ifpdf switch
)
(/usr/local/texlive/2019/texmf-dist/tex/generic/oberdiek/ifvtex.sty
Package: ifvtex 2016/05/16 v1.6 Detect VTeX and its facilities (HO)
Package ifvtex Info: VTeX not detected.
)
(/usr/local/texlive/2019/texmf-dist/tex/generic/ifxetex/ifxetex.sty
Package: ifxetex 2010/09/12 v0.6 Provides ifxetex conditional
)
\Gm@cnth=\count95
\Gm@cntv=\count96
\c@Gm@tempcnt=\count97
\Gm@bindingoffset=\dimen108
\Gm@wd@mp=\dimen109
\Gm@odd@mp=\dimen110
\Gm@even@mp=\dimen111
\Gm@layoutwidth=\dimen112
\Gm@layoutheight=\dimen113
\Gm@layouthoffset=\dimen114
\Gm@layoutvoffset=\dimen115
\Gm@dimlist=\toks17
)
\@neuripsabovecaptionskip=\skip43
\@neuripsbelowcaptionskip=\skip44
)
(/usr/local/texlive/2019/texmf-dist/tex/latex/base/inputenc.sty
Package: inputenc 2018/08/11 v1.3c Input encoding file
\inpenc@prehook=\toks18
\inpenc@posthook=\toks19
)
(/usr/local/texlive/2019/texmf-dist/tex/latex/base/fontenc.sty
Package: fontenc 2018/08/11 v2.0j Standard LaTeX package

(/usr/local/texlive/2019/texmf-dist/tex/latex/base/t1enc.def
File: t1enc.def 2018/08/11 v2.0j Standard LaTeX file
LaTeX Font Info:    Redeclaring font encoding T1 on input line 48.
))
(/usr/local/texlive/2019/texmf-dist/tex/latex/hyperref/hyperref.sty
Package: hyperref 2018/11/30 v6.88e Hypertext links for LaTeX

(/usr/local/texlive/2019/texmf-dist/tex/generic/oberdiek/hobsub-hyperref.sty
Package: hobsub-hyperref 2016/05/16 v1.14 Bundle oberdiek, subset hyperref (HO)


(/usr/local/texlive/2019/texmf-dist/tex/generic/oberdiek/hobsub-generic.sty
Package: hobsub-generic 2016/05/16 v1.14 Bundle oberdiek, subset generic (HO)
Package: hobsub 2016/05/16 v1.14 Construct package bundles (HO)
Package: infwarerr 2016/05/16 v1.4 Providing info/warning/error messages (HO)
Package: ltxcmds 2016/05/16 v1.23 LaTeX kernel commands for general use (HO)
Package: ifluatex 2016/05/16 v1.4 Provides the ifluatex switch (HO)
Package ifluatex Info: LuaTeX not detected.
Package hobsub Info: Skipping package `ifvtex' (already loaded).
Package: intcalc 2016/05/16 v1.2 Expandable calculations with integers (HO)
Package hobsub Info: Skipping package `ifpdf' (already loaded).
Package: etexcmds 2016/05/16 v1.6 Avoid name clashes with e-TeX commands (HO)
Package: kvsetkeys 2016/05/16 v1.17 Key value parser (HO)
Package: kvdefinekeys 2016/05/16 v1.4 Define keys (HO)
Package: pdftexcmds 2018/09/10 v0.29 Utility functions of pdfTeX for LuaTeX (HO
)
Package pdftexcmds Info: LuaTeX not detected.
Package pdftexcmds Info: \pdf@primitive is available.
Package pdftexcmds Info: \pdf@ifprimitive is available.
Package pdftexcmds Info: \pdfdraftmode found.
Package: pdfescape 2016/05/16 v1.14 Implements pdfTeX's escape features (HO)
Package: bigintcalc 2016/05/16 v1.4 Expandable calculations on big integers (HO
)
Package: bitset 2016/05/16 v1.2 Handle bit-vector datatype (HO)
Package: uniquecounter 2016/05/16 v1.3 Provide unlimited unique counter (HO)
)
Package hobsub Info: Skipping package `hobsub' (already loaded).
Package: letltxmacro 2016/05/16 v1.5 Let assignment for LaTeX macros (HO)
Package: hopatch 2016/05/16 v1.3 Wrapper for package hooks (HO)
Package: xcolor-patch 2016/05/16 xcolor patch
Package: atveryend 2016/05/16 v1.9 Hooks at the very end of document (HO)
Package atveryend Info: \enddocument detected (standard20110627).
Package: atbegshi 2016/06/09 v1.18 At begin shipout hook (HO)
Package: refcount 2016/05/16 v3.5 Data extraction from label references (HO)
Package: hycolor 2016/05/16 v1.8 Color options for hyperref/bookmark (HO)
)
(/usr/local/texlive/2019/texmf-dist/tex/latex/oberdiek/auxhook.sty
Package: auxhook 2016/05/16 v1.4 Hooks for auxiliary files (HO)
)
(/usr/local/texlive/2019/texmf-dist/tex/latex/oberdiek/kvoptions.sty
Package: kvoptions 2016/05/16 v3.12 Key value format for package options (HO)
)
\@linkdim=\dimen116
\Hy@linkcounter=\count98
\Hy@pagecounter=\count99

(/usr/local/texlive/2019/texmf-dist/tex/latex/hyperref/pd1enc.def
File: pd1enc.def 2018/11/30 v6.88e Hyperref: PDFDocEncoding definition (HO)
Now handling font encoding PD1 ...
... no UTF-8 mapping file for font encoding PD1
)
\Hy@SavedSpaceFactor=\count100

(/usr/local/texlive/2019/texmf-dist/tex/latex/latexconfig/hyperref.cfg
File: hyperref.cfg 2002/06/06 v1.2 hyperref configuration of TeXLive
)
Package hyperref Info: Hyper figures OFF on input line 4519.
Package hyperref Info: Link nesting OFF on input line 4524.
Package hyperref Info: Hyper index ON on input line 4527.
Package hyperref Info: Plain pages OFF on input line 4534.
Package hyperref Info: Backreferencing OFF on input line 4539.
Package hyperref Info: Implicit mode ON; LaTeX internals redefined.
Package hyperref Info: Bookmarks ON on input line 4772.
\c@Hy@tempcnt=\count101

(/usr/local/texlive/2019/texmf-dist/tex/latex/url/url.sty
\Urlmuskip=\muskip10
Package: url 2013/09/16  ver 3.4  Verb mode for urls, etc.
)
LaTeX Info: Redefining \url on input line 5125.
\XeTeXLinkMargin=\dimen117
\Fld@menulength=\count102
\Field@Width=\dimen118
\Fld@charsize=\dimen119
Package hyperref Info: Hyper figures OFF on input line 6380.
Package hyperref Info: Link nesting OFF on input line 6385.
Package hyperref Info: Hyper index ON on input line 6388.
Package hyperref Info: backreferencing OFF on input line 6395.
Package hyperref Info: Link coloring OFF on input line 6400.
Package hyperref Info: Link coloring with OCG OFF on input line 6405.
Package hyperref Info: PDF/A mode OFF on input line 6410.
LaTeX Info: Redefining \ref on input line 6450.
LaTeX Info: Redefining \pageref on input line 6454.
\Hy@abspage=\count103
\c@Item=\count104
\c@Hfootnote=\count105
)
Package hyperref Info: Driver (autodetected): hpdftex.

(/usr/local/texlive/2019/texmf-dist/tex/latex/hyperref/hpdftex.def
File: hpdftex.def 2018/11/30 v6.88e Hyperref driver for pdfTeX
\Fld@listcount=\count106
\c@bookmark@seq@number=\count107

(/usr/local/texlive/2019/texmf-dist/tex/latex/oberdiek/rerunfilecheck.sty
Package: rerunfilecheck 2016/05/16 v1.8 Rerun checks for auxiliary files (HO)
Package uniquecounter Info: New unique counter `rerunfilecheck' on input line 2
82.
)
\Hy@SectionHShift=\skip45
)
(/usr/local/texlive/2019/texmf-dist/tex/latex/booktabs/booktabs.sty
Package: booktabs 2016/04/27 v1.618033 publication quality tables
\heavyrulewidth=\dimen120
\lightrulewidth=\dimen121
\cmidrulewidth=\dimen122
\belowrulesep=\dimen123
\belowbottomsep=\dimen124
\aboverulesep=\dimen125
\abovetopsep=\dimen126
\cmidrulesep=\dimen127
\cmidrulekern=\dimen128
\defaultaddspace=\dimen129
\@cmidla=\count108
\@cmidlb=\count109
\@aboverulesep=\dimen130
\@belowrulesep=\dimen131
\@thisruleclass=\count110
\@lastruleclass=\count111
\@thisrulewidth=\dimen132
)
(/usr/local/texlive/2019/texmf-dist/tex/latex/amsfonts/amsfonts.sty
Package: amsfonts 2013/01/14 v3.01 Basic AMSFonts support
\@emptytoks=\toks20
\symAMSa=\mathgroup4
\symAMSb=\mathgroup5
LaTeX Font Info:    Overwriting math alphabet `\mathfrak' in version `bold'
(Font)                  U/euf/m/n --> U/euf/b/n on input line 106.
)
(/usr/local/texlive/2019/texmf-dist/tex/latex/units/nicefrac.sty
Package: nicefrac 1998/08/04 v0.9b Nice fractions
\L@UnitsRaiseDisplaystyle=\skip46
\L@UnitsRaiseTextstyle=\skip47
\L@UnitsRaiseScriptstyle=\skip48

(/usr/local/texlive/2019/texmf-dist/tex/latex/base/ifthen.sty
Package: ifthen 2014/09/29 v1.1c Standard LaTeX ifthen package (DPC)
))
(/usr/local/texlive/2019/texmf-dist/tex/latex/microtype/microtype.sty
Package: microtype 2019/02/28 v2.7b Micro-typographical refinements (RS)
\MT@toks=\toks21
\MT@count=\count112
LaTeX Info: Redefining \textls on input line 790.
\MT@outer@kern=\dimen133
LaTeX Info: Redefining \textmicrotypecontext on input line 1336.
\MT@listname@count=\count113

(/usr/local/texlive/2019/texmf-dist/tex/latex/microtype/microtype-pdftex.def
File: microtype-pdftex.def 2019/02/28 v2.7b Definitions specific to pdftex (RS)

LaTeX Info: Redefining \lsstyle on input line 914.
LaTeX Info: Redefining \lslig on input line 914.
\MT@outer@space=\skip49
)
Package microtype Info: Loading configuration file microtype.cfg.

(/usr/local/texlive/2019/texmf-dist/tex/latex/microtype/microtype.cfg
File: microtype.cfg 2019/02/28 v2.7b microtype main configuration file (RS)
))
(/usr/local/texlive/2019/texmf-dist/tex/latex/amsfonts/amssymb.sty
Package: amssymb 2013/01/14 v3.01 AMS font symbols
)
(/usr/local/texlive/2019/texmf-dist/tex/latex/amsmath/amsmath.sty
Package: amsmath 2018/12/01 v2.17b AMS math features
\@mathmargin=\skip50

For additional information on amsmath, use the `?' option.
(/usr/local/texlive/2019/texmf-dist/tex/latex/amsmath/amstext.sty
Package: amstext 2000/06/29 v2.01 AMS text

(/usr/local/texlive/2019/texmf-dist/tex/latex/amsmath/amsgen.sty
File: amsgen.sty 1999/11/30 v2.0 generic functions
\@emptytoks=\toks22
\ex@=\dimen134
))
(/usr/local/texlive/2019/texmf-dist/tex/latex/amsmath/amsbsy.sty
Package: amsbsy 1999/11/29 v1.2d Bold Symbols
\pmbraise@=\dimen135
)
(/usr/local/texlive/2019/texmf-dist/tex/latex/amsmath/amsopn.sty
Package: amsopn 2016/03/08 v2.02 operator names
)
\inf@bad=\count114
LaTeX Info: Redefining \frac on input line 223.
\uproot@=\count115
\leftroot@=\count116
LaTeX Info: Redefining \overline on input line 385.
\classnum@=\count117
\DOTSCASE@=\count118
LaTeX Info: Redefining \ldots on input line 482.
LaTeX Info: Redefining \dots on input line 485.
LaTeX Info: Redefining \cdots on input line 606.
\Mathstrutbox@=\box28
\strutbox@=\box29
\big@size=\dimen136
LaTeX Font Info:    Redeclaring font encoding OML on input line 729.
LaTeX Font Info:    Redeclaring font encoding OMS on input line 730.
\macc@depth=\count119
\c@MaxMatrixCols=\count120
\dotsspace@=\muskip11
\c@parentequation=\count121
\dspbrk@lvl=\count122
\tag@help=\toks23
\row@=\count123
\column@=\count124
\maxfields@=\count125
\andhelp@=\toks24
\eqnshift@=\dimen137
\alignsep@=\dimen138
\tagshift@=\dimen139
\tagwidth@=\dimen140
\totwidth@=\dimen141
\lineht@=\dimen142
\@envbody=\toks25
\multlinegap=\skip51
\multlinetaggap=\skip52
\mathdisplay@stack=\toks26
LaTeX Info: Redefining \[ on input line 2844.
LaTeX Info: Redefining \] on input line 2845.
)
(/usr/local/texlive/2019/texmf-dist/tex/latex/algorithms/algorithm.sty
Package: algorithm 2009/08/24 v0.1 Document Style `algorithm' - floating enviro
nment

(/usr/local/texlive/2019/texmf-dist/tex/latex/float/float.sty
Package: float 2001/11/08 v1.3d Float enhancements (AL)
\c@float@type=\count126
\float@exts=\toks27
\float@box=\box30
\@float@everytoks=\toks28
\@floatcapt=\box31
)
\@float@every@algorithm=\toks29
\c@algorithm=\count127
)
(/usr/local/texlive/2019/texmf-dist/tex/latex/algorithmicx/algpseudocode.sty
Package: algpseudocode 

(/usr/local/texlive/2019/texmf-dist/tex/latex/algorithmicx/algorithmicx.sty
Package: algorithmicx 2005/04/27 v1.2 Algorithmicx

Document Style algorithmicx 1.2 - a greatly improved `algorithmic' style
\c@ALG@line=\count128
\c@ALG@rem=\count129
\c@ALG@nested=\count130
\ALG@tlm=\skip53
\ALG@thistlm=\skip54
\c@ALG@Lnr=\count131
\c@ALG@blocknr=\count132
\c@ALG@storecount=\count133
\c@ALG@tmpcounter=\count134
\ALG@tmplength=\skip55
)
Document Style - pseudocode environments for use with the `algorithmicx' style
) (/usr/local/texlive/2019/texmf-dist/tex/latex/bbm-macros/bbm.sty
Package: bbm 1999/03/15 V 1.2 provides fonts for set symbols - TH
LaTeX Font Info:    Overwriting math alphabet `\mathbbm' in version `bold'
(Font)                  U/bbm/m/n --> U/bbm/bx/n on input line 33.
LaTeX Font Info:    Overwriting math alphabet `\mathbbmss' in version `bold'
(Font)                  U/bbmss/m/n --> U/bbmss/bx/n on input line 35.
)
(/usr/local/texlive/2019/texmf-dist/tex/latex/graphics/graphicx.sty
Package: graphicx 2017/06/01 v1.1a Enhanced LaTeX Graphics (DPC,SPQR)

(/usr/local/texlive/2019/texmf-dist/tex/latex/graphics/graphics.sty
Package: graphics 2017/06/25 v1.2c Standard LaTeX Graphics (DPC,SPQR)

(/usr/local/texlive/2019/texmf-dist/tex/latex/graphics/trig.sty
Package: trig 2016/01/03 v1.10 sin cos tan (DPC)
)
(/usr/local/texlive/2019/texmf-dist/tex/latex/graphics-cfg/graphics.cfg
File: graphics.cfg 2016/06/04 v1.11 sample graphics configuration
)
Package graphics Info: Driver file: pdftex.def on input line 99.

(/usr/local/texlive/2019/texmf-dist/tex/latex/graphics-def/pdftex.def
File: pdftex.def 2018/01/08 v1.0l Graphics/color driver for pdftex
))
\Gin@req@height=\dimen143
\Gin@req@width=\dimen144
)
(/usr/local/texlive/2019/texmf-dist/tex/latex/mwe/mwe.sty
Package: mwe 2018/03/30 v0.5 Package to support minimal working examples (MWE)

(/usr/local/texlive/2019/texmf-dist/tex/latex/lipsum/lipsum.sty
(/usr/local/texlive/2019/texmf-dist/tex/latex/l3kernel/expl3.sty
Package: expl3 2019-05-07 L3 programming layer (loader) 

(/usr/local/texlive/2019/texmf-dist/tex/latex/l3kernel/expl3-code.tex
Package: expl3 2019-05-07 L3 programming layer (code)
\c_max_int=\count135
\l_tmpa_int=\count136
\l_tmpb_int=\count137
\g_tmpa_int=\count138
\g_tmpb_int=\count139
\g__kernel_prg_map_int=\count140
\c__ior_term_ior=\count141
\c_log_iow=\count142
\l_iow_line_count_int=\count143
\l__iow_line_target_int=\count144
\l__iow_one_indent_int=\count145
\l__iow_indent_int=\count146
\c_zero_dim=\dimen145
\c_max_dim=\dimen146
\l_tmpa_dim=\dimen147
\l_tmpb_dim=\dimen148
\g_tmpa_dim=\dimen149
\g_tmpb_dim=\dimen150
\c_zero_skip=\skip56
\c_max_skip=\skip57
\l_tmpa_skip=\skip58
\l_tmpb_skip=\skip59
\g_tmpa_skip=\skip60
\g_tmpb_skip=\skip61
\c_zero_muskip=\muskip12
\c_max_muskip=\muskip13
\l_tmpa_muskip=\muskip14
\l_tmpb_muskip=\muskip15
\g_tmpa_muskip=\muskip16
\g_tmpb_muskip=\muskip17
\l_keys_choice_int=\count147
\l__intarray_loop_int=\count148
\c__intarray_sp_dim=\dimen151
\g__intarray_font_int=\count149
\c__fp_leading_shift_int=\count150
\c__fp_middle_shift_int=\count151
\c__fp_trailing_shift_int=\count152
\c__fp_big_leading_shift_int=\count153
\c__fp_big_middle_shift_int=\count154
\c__fp_big_trailing_shift_int=\count155
\c__fp_Bigg_leading_shift_int=\count156
\c__fp_Bigg_middle_shift_int=\count157
\c__fp_Bigg_trailing_shift_int=\count158
\c__kernel_randint_max_int=\count159
\g__fp_array_int=\count160
\l__fp_array_loop_int=\count161
\l__sort_length_int=\count162
\l__sort_min_int=\count163
\l__sort_top_int=\count164
\l__sort_max_int=\count165
\l__sort_true_max_int=\count166
\l__sort_block_int=\count167
\l__sort_begin_int=\count168
\l__sort_end_int=\count169
\l__sort_A_int=\count170
\l__sort_B_int=\count171
\l__sort_C_int=\count172
\l__tl_analysis_normal_int=\count173
\l__tl_analysis_index_int=\count174
\l__tl_analysis_nesting_int=\count175
\l__tl_analysis_type_int=\count176
\l__regex_internal_a_int=\count177
\l__regex_internal_b_int=\count178
\l__regex_internal_c_int=\count179
\l__regex_balance_int=\count180
\l__regex_group_level_int=\count181
\l__regex_mode_int=\count182
\c__regex_cs_in_class_mode_int=\count183
\c__regex_cs_mode_int=\count184
\l__regex_catcodes_int=\count185
\l__regex_default_catcodes_int=\count186
\c__regex_catcode_D_int=\count187
\c__regex_catcode_S_int=\count188
\c__regex_catcode_L_int=\count189
\c__regex_catcode_O_int=\count190
\c__regex_catcode_A_int=\count191
\c__regex_all_catcodes_int=\count192
\l__regex_show_lines_int=\count193
\l__regex_min_state_int=\count194
\l__regex_max_state_int=\count195
\l__regex_left_state_int=\count196
\l__regex_right_state_int=\count197
\l__regex_capturing_group_int=\count198
\l__regex_min_pos_int=\count199
\l__regex_max_pos_int=\count266
\l__regex_curr_pos_int=\count267
\l__regex_start_pos_int=\count268
\l__regex_success_pos_int=\count269
\l__regex_curr_char_int=\count270
\l__regex_curr_catcode_int=\count271
\l__regex_last_char_int=\count272
\l__regex_case_changed_char_int=\count273
\l__regex_curr_state_int=\count274
\l__regex_step_int=\count275
\l__regex_min_active_int=\count276
\l__regex_max_active_int=\count277
\l__regex_replacement_csnames_int=\count278
\l__regex_match_count_int=\count279
\l__regex_min_submatch_int=\count280
\l__regex_submatch_int=\count281
\l__regex_zeroth_submatch_int=\count282
\g__regex_trace_regex_int=\count283
\c_empty_box=\box32
\l_tmpa_box=\box33
\l_tmpb_box=\box34
\g_tmpa_box=\box35
\g_tmpb_box=\box36
\l__box_top_dim=\dimen152
\l__box_bottom_dim=\dimen153
\l__box_left_dim=\dimen154
\l__box_right_dim=\dimen155
\l__box_top_new_dim=\dimen156
\l__box_bottom_new_dim=\dimen157
\l__box_left_new_dim=\dimen158
\l__box_right_new_dim=\dimen159
\l__box_internal_box=\box37
\l__coffin_internal_box=\box38
\l__coffin_internal_dim=\dimen160
\l__coffin_offset_x_dim=\dimen161
\l__coffin_offset_y_dim=\dimen162
\l__coffin_x_dim=\dimen163
\l__coffin_y_dim=\dimen164
\l__coffin_x_prime_dim=\dimen165
\l__coffin_y_prime_dim=\dimen166
\c_empty_coffin=\box39
\l__coffin_aligned_coffin=\box40
\l__coffin_aligned_internal_coffin=\box41
\l_tmpa_coffin=\box42
\l_tmpb_coffin=\box43
\g_tmpa_coffin=\box44
\g_tmpb_coffin=\box45
\l__coffin_bounding_shift_dim=\dimen167
\l__coffin_left_corner_dim=\dimen168
\l__coffin_right_corner_dim=\dimen169
\l__coffin_bottom_corner_dim=\dimen170
\l__coffin_top_corner_dim=\dimen171
\l__coffin_scaled_total_height_dim=\dimen172
\l__coffin_scaled_width_dim=\dimen173
\c__coffin_empty_coffin=\box46
\l__coffin_display_coffin=\box47
\l__coffin_display_coord_coffin=\box48
\l__coffin_display_pole_coffin=\box49
\l__coffin_display_offset_dim=\dimen174
\l__coffin_display_x_dim=\dimen175
\l__coffin_display_y_dim=\dimen176
\g__file_internal_ior=\read1
\l__seq_internal_a_int=\count284
\l__seq_internal_b_int=\count285
\c__deprecation_minus_one=\count286
)
(/usr/local/texlive/2019/texmf-dist/tex/latex/l3kernel/l3pdfmode.def
File: l3pdfmode.def 2019-04-06 v L3 Experimental driver: PDF mode
\l__driver_color_stack_int=\count287
\l__driver_pdf_tmp_box=\box50
))
(/usr/local/texlive/2019/texmf-dist/tex/latex/l3packages/xparse/xparse.sty
Package: xparse 2019-05-03 L3 Experimental document command parser
\l__xparse_current_arg_int=\count288
\g__xparse_grabber_int=\count289
\l__xparse_m_args_int=\count290
\l__xparse_v_nesting_int=\count291
)
Package: lipsum 2019/01/02 v2.2 150 paragraphs of Lorem Ipsum dummy text

(/usr/local/texlive/2019/texmf-dist/tex/latex/lipsum/lipsum.ltd.tex
File: lipsum.ltd.tex 2019/01/02 v2.2 The Lorem ipsum dummy text
))
(/usr/local/texlive/2019/texmf-dist/tex/latex/blindtext/blindtext.sty
Package: blindtext 2012/01/06 V2.0 blindtext-Package

(/usr/local/texlive/2019/texmf-dist/tex/latex/tools/xspace.sty
Package: xspace 2014/10/28 v1.13 Space after command names (DPC,MH)
)
\c@blindtext=\count292
\c@Blindtext=\count293
\c@blind@countparstart=\count294
\blind@countxx=\count295
\blindtext@numBlindtext=\count296
\blind@countyy=\count297
\c@blindlist=\count298
\c@blindlistlevel=\count299
\c@blindlist@level=\count300
\blind@listitem=\count301
\c@blind@listcount=\count302
\c@blind@levelcount=\count303
\blind@mathformula=\count304
\blind@Mathformula=\count305
\c@blind@randomcount=\count306
\c@blind@randommax=\count307
\c@blind@pangramcount=\count308
\c@blind@pangrammax=\count309
))
(/usr/local/texlive/2019/texmf-dist/tex/latex/caption/caption.sty
Package: caption 2018/10/06 v3.3-154 Customizing captions (AR)

(/usr/local/texlive/2019/texmf-dist/tex/latex/caption/caption3.sty
Package: caption3 2018/09/12 v1.8c caption3 kernel (AR)
Package caption3 Info: TeX engine: e-TeX on input line 64.
\captionmargin=\dimen177
\captionmargin@=\dimen178
\captionwidth=\dimen179
\caption@tempdima=\dimen180
\caption@indent=\dimen181
\caption@parindent=\dimen182
\caption@hangindent=\dimen183
)
\c@caption@flags=\count310
\c@ContinuedFloat=\count311
Package caption Info: float package is loaded.
Package caption Info: hyperref package is loaded.
)
(/usr/local/texlive/2019/texmf-dist/tex/latex/caption/subcaption.sty
Package: subcaption 2018/05/01 v1.1-162 Sub-captions (AR)
\c@subfigure=\count312
\c@subtable=\count313
)
(/usr/local/texlive/2019/texmf-dist/tex/latex/wrapfig/wrapfig.sty
\wrapoverhang=\dimen184
\WF@size=\dimen185
\c@WF@wrappedlines=\count314
\WF@box=\box51
\WF@everypar=\toks30
Package: wrapfig 2003/01/31  v 3.6
)
\c@Ax=\count315
\c@Def=\count316
\c@Bsp=\count317
\c@Bem=\count318
\c@Satz=\count319
\c@HSatz=\count320
\c@Lemma=\count321
\c@Korollar=\count322

(./iacm_nips2020.aux)
\openout1 = `iacm_nips2020.aux'.

LaTeX Font Info:    Checking defaults for OML/cmm/m/it on input line 150.
LaTeX Font Info:    ... okay on input line 150.
LaTeX Font Info:    Checking defaults for T1/cmr/m/n on input line 150.
LaTeX Font Info:    ... okay on input line 150.
LaTeX Font Info:    Checking defaults for OT1/cmr/m/n on input line 150.
LaTeX Font Info:    ... okay on input line 150.
LaTeX Font Info:    Checking defaults for OMS/cmsy/m/n on input line 150.
LaTeX Font Info:    ... okay on input line 150.
LaTeX Font Info:    Checking defaults for OMX/cmex/m/n on input line 150.
LaTeX Font Info:    ... okay on input line 150.
LaTeX Font Info:    Checking defaults for U/cmr/m/n on input line 150.
LaTeX Font Info:    ... okay on input line 150.
LaTeX Font Info:    Checking defaults for PD1/pdf/m/n on input line 150.
LaTeX Font Info:    ... okay on input line 150.
LaTeX Font Info:    Try loading font information for T1+ptm on input line 150.

(/usr/local/texlive/2019/texmf-dist/tex/latex/psnfss/t1ptm.fd
File: t1ptm.fd 2001/06/04 font definitions for T1/ptm.
)
*geometry* driver: auto-detecting
*geometry* detected driver: pdftex
*geometry* verbose mode - [ preamble ] result:
* driver: pdftex
* paper: letterpaper
* layout: <same size as paper>
* layoutoffset:(h,v)=(0.0pt,0.0pt)
* modes: 
* h-part:(L,W,R)=(92.14519pt, 430.00462pt, 92.14519pt)
* v-part:(T,H,B)=(95.39737pt, 556.47656pt, 143.09605pt)
* \paperwidth=614.295pt
* \paperheight=794.96999pt
* \textwidth=430.00462pt
* \textheight=556.47656pt
* \oddsidemargin=19.8752pt
* \evensidemargin=19.8752pt
* \topmargin=-13.87262pt
* \headheight=12.0pt
* \headsep=25.0pt
* \topskip=10.0pt
* \footskip=30.0pt
* \marginparwidth=65.0pt
* \marginparsep=11.0pt
* \columnsep=10.0pt
* \skip\footins=9.0pt plus 4.0pt minus 2.0pt
* \hoffset=0.0pt
* \voffset=0.0pt
* \mag=1000
* \@twocolumnfalse
* \@twosidefalse
* \@mparswitchfalse
* \@reversemarginfalse
* (1in=72.27pt=25.4mm, 1cm=28.453pt)

*geometry* verbose mode - [ newgeometry ] result:
* driver: pdftex
* paper: letterpaper
* layout: <same size as paper>
* layoutoffset:(h,v)=(0.0pt,0.0pt)
* modes: 
* h-part:(L,W,R)=(108.405pt, 397.48499pt, 108.40501pt)
* v-part:(T,H,B)=(72.26999pt, 650.43pt, 72.27pt)
* \paperwidth=614.295pt
* \paperheight=794.96999pt
* \textwidth=397.48499pt
* \textheight=650.43pt
* \oddsidemargin=36.13501pt
* \evensidemargin=36.13501pt
* \topmargin=-37.0pt
* \headheight=12.0pt
* \headsep=25.0pt
* \topskip=10.0pt
* \footskip=30.0pt
* \marginparwidth=65.0pt
* \marginparsep=11.0pt
* \columnsep=10.0pt
* \skip\footins=9.0pt plus 4.0pt minus 2.0pt
* \hoffset=0.0pt
* \voffset=0.0pt
* \mag=1000
* \@twocolumnfalse
* \@twosidefalse
* \@mparswitchfalse
* \@reversemarginfalse
* (1in=72.27pt=25.4mm, 1cm=28.453pt)

\AtBeginShipoutBox=\box52
Package hyperref Info: Link coloring OFF on input line 150.
(/usr/local/texlive/2019/texmf-dist/tex/latex/hyperref/nameref.sty
Package: nameref 2016/05/21 v2.44 Cross-referencing by name of section

(/usr/local/texlive/2019/texmf-dist/tex/generic/oberdiek/gettitlestring.sty
Package: gettitlestring 2016/05/16 v1.5 Cleanup title references (HO)
)
\c@section@level=\count323
)
LaTeX Info: Redefining \ref on input line 150.
LaTeX Info: Redefining \pageref on input line 150.
LaTeX Info: Redefining \nameref on input line 150.

(./iacm_nips2020.out) (./iacm_nips2020.out)
\@outlinefile=\write3
\openout3 = `iacm_nips2020.out'.

LaTeX Info: Redefining \microtypecontext on input line 150.
Package microtype Info: Generating PDF output.
Package microtype Info: Character protrusion enabled (level 2).
Package microtype Info: Using default protrusion set `alltext'.
Package microtype Info: Automatic font expansion enabled (level 2),
(microtype)             stretch: 20, shrink: 20, step: 1, non-selected.
Package microtype Info: Using default expansion set `basictext'.
Package microtype Info: No adjustment of tracking.
Package microtype Info: No adjustment of interword spacing.
Package microtype Info: No adjustment of character kerning.

(/usr/local/texlive/2019/texmf-dist/tex/latex/microtype/mt-ptm.cfg
File: mt-ptm.cfg 2006/04/20 v1.7 microtype config. file: Times (RS)
)
(/usr/local/texlive/2019/texmf-dist/tex/context/base/mkii/supp-pdf.mkii
[Loading MPS to PDF converter (version 2006.09.02).]
\scratchcounter=\count324
\scratchdimen=\dimen186
\scratchbox=\box53
\nofMPsegments=\count325
\nofMParguments=\count326
\everyMPshowfont=\toks31
\MPscratchCnt=\count327
\MPscratchDim=\dimen187
\MPnumerator=\count328
\makeMPintoPDFobject=\count329
\everyMPtoPDFconversion=\toks32
) (/usr/local/texlive/2019/texmf-dist/tex/latex/oberdiek/epstopdf-base.sty
Package: epstopdf-base 2016/05/15 v2.6 Base part for package epstopdf

(/usr/local/texlive/2019/texmf-dist/tex/latex/oberdiek/grfext.sty
Package: grfext 2016/05/16 v1.2 Manage graphics extensions (HO)
)
Package epstopdf-base Info: Redefining graphics rule for `.eps' on input line 4
38.
Package grfext Info: Graphics extension search list:
(grfext)             [.pdf,.png,.jpg,.mps,.jpeg,.jbig2,.jb2,.PDF,.PNG,.JPG,.JPE
G,.JBIG2,.JB2,.eps]
(grfext)             \AppendGraphicsExtensions on input line 456.

(/usr/local/texlive/2019/texmf-dist/tex/latex/latexconfig/epstopdf-sys.cfg
File: epstopdf-sys.cfg 2010/07/13 v1.3 Configuration of (r)epstopdf for TeX Liv
e
))
Package caption Info: Begin \AtBeginDocument code.
Package caption Info: wrapfig package is loaded.
Package caption Info: End \AtBeginDocument code.
LaTeX Font Info:    Font shape `T1/ptm/bx/n' in size <17.28> not available
(Font)              Font shape `T1/ptm/b/n' tried instead on input line 153.

(/usr/local/texlive/2019/texmf-dist/tex/latex/microtype/mt-cmr.cfg
File: mt-cmr.cfg 2013/05/19 v2.2 microtype config. file: Computer Modern Roman 
(RS)
)
LaTeX Font Info:    Try loading font information for U+msa on input line 153.

(/usr/local/texlive/2019/texmf-dist/tex/latex/amsfonts/umsa.fd
File: umsa.fd 2013/01/14 v3.01 AMS symbols A
)
(/usr/local/texlive/2019/texmf-dist/tex/latex/microtype/mt-msa.cfg
File: mt-msa.cfg 2006/02/04 v1.1 microtype config. file: AMS symbols (a) (RS)
)
LaTeX Font Info:    Try loading font information for U+msb on input line 153.

(/usr/local/texlive/2019/texmf-dist/tex/latex/amsfonts/umsb.fd
File: umsb.fd 2013/01/14 v3.01 AMS symbols B
)
(/usr/local/texlive/2019/texmf-dist/tex/latex/microtype/mt-msb.cfg
File: mt-msb.cfg 2005/06/01 v1.0 microtype config. file: AMS symbols (b) (RS)
)
LaTeX Font Info:    Font shape `T1/ptm/bx/n' in size <10> not available
(Font)              Font shape `T1/ptm/b/n' tried instead on input line 153.
LaTeX Font Info:    Try loading font information for T1+cmtt on input line 153.


(/usr/local/texlive/2019/texmf-dist/tex/latex/base/t1cmtt.fd
File: t1cmtt.fd 2014/09/29 v2.5h Standard LaTeX font definitions
)
Package microtype Info: Loading generic protrusion settings for font family
(microtype)             `cmtt' (encoding: T1).
(microtype)             For optimal results, create family-specific settings.
(microtype)             See the microtype manual for details.
LaTeX Font Info:    Font shape `T1/ptm/bx/n' in size <12> not available
(Font)              Font shape `T1/ptm/b/n' tried instead on input line 154.
LaTeX Font Info:    Try loading font information for T1+phv on input line 156.

(/usr/local/texlive/2019/texmf-dist/tex/latex/psnfss/t1phv.fd
File: t1phv.fd 2001/06/04 scalable font definitions for T1/phv.
)
Package microtype Info: Loading generic protrusion settings for font family
(microtype)             `phv' (encoding: T1).
(microtype)             For optimal results, create family-specific settings.
(microtype)             See the microtype manual for details.
 [1


{/usr/local/texlive/2019/texmf-var/fonts/map/pdftex/updmap/pdftex.map}] [2]
Overfull \hbox (20.64983pt too wide) in alignment at lines 204--206
 [][][] []
 []

[3]
LaTeX Font Info:    Try loading font information for U+bbm on input line 258.
 (/usr/local/texlive/2019/texmf-dist/tex/latex/bbm-macros/ubbm.fd
File: ubbm.fd 1999/03/15 V 1.2 Font definition for bbm font - TH
) [4]
Package hyperref Info: bookmark level for unknown algorithm defaults to 0 on in
put line 273.
LaTeX Font Info:    Try loading font information for OMS+ptm on input line 299.


(/usr/local/texlive/2019/texmf-dist/tex/latex/psnfss/omsptm.fd
File: omsptm.fd 
)
LaTeX Font Info:    Font shape `OMS/ptm/m/it' in size <10> not available
(Font)              Font shape `OMS/cmsy/m/n' tried instead on input line 299.
 [5] [6]
<result_linear_discrete.png, id=219, 156.3441pt x 80.2197pt>
File: result_linear_discrete.png Graphic file (type png)
<use result_linear_discrete.png>
Package pdftex.def Info: result_linear_discrete.png  used on input line 390.
(pdftex.def)             Requested size: 203.24728pt x 104.28558pt.

Overfull \hbox (8.47746pt too wide) in paragraph at lines 390--391
 [][] 
 []

<result_nonlin_discrete.png, id=221, 156.3441pt x 80.2197pt>
File: result_nonlin_discrete.png Graphic file (type png)
<use result_nonlin_discrete.png>
Package pdftex.def Info: result_nonlin_discrete.png  used on input line 397.
(pdftex.def)             Requested size: 203.24728pt x 104.28558pt.

Overfull \hbox (8.47746pt too wide) in paragraph at lines 397--398
 [][] 
 []

[7]
<results_cont_data.png, id=246, 650.43pt x 391.2216pt>
File: results_cont_data.png Graphic file (type png)
<use results_cont_data.png>
Package pdftex.def Info: results_cont_data.png  used on input line 414.
(pdftex.def)             Requested size: 195.1305pt x 117.36739pt.

Overfull \hbox (4.3394pt too wide) in paragraph at lines 414--415
 [][] 
 []

<result_real_discrete.png, id=247, 650.43pt x 391.2216pt>
File: result_real_discrete.png Graphic file (type png)
<use result_real_discrete.png>
Package pdftex.def Info: result_real_discrete.png  used on input line 421.
(pdftex.def)             Requested size: 195.1305pt x 117.36739pt.

Overfull \hbox (4.3394pt too wide) in paragraph at lines 421--422
 [][] 
 []

[8 <./result_linear_discrete.png> <./result_nonlin_discrete.png> <./results_con
t_data.png> <./result_real_discrete.png>] (./iacm_nips2020.bbl [9])
Package atveryend Info: Empty hook `BeforeClearDocument' on input line 514.
 [10]
Package atveryend Info: Empty hook `AfterLastShipout' on input line 514.

(./iacm_nips2020.aux)
Package atveryend Info: Executing hook `AtVeryEndDocument' on input line 514.
Package atveryend Info: Executing hook `AtEndAfterFileList' on input line 514.


Package rerunfilecheck Warning: File `iacm_nips2020.out' has changed.
(rerunfilecheck)                Rerun to get outlines right
(rerunfilecheck)                or use package `bookmark'.

Package rerunfilecheck Info: Checksums for `iacm_nips2020.out':
(rerunfilecheck)             Before: 0B2725A32BCAFE43AD0D009B198E7632;1268
(rerunfilecheck)             After:  6500E2A568B47EFA225042CEB3F7DC3E;842.
Package atveryend Info: Empty hook `AtVeryVeryEnd' on input line 514.
 ) 
Here is how much of TeX's memory you used:
 20932 strings out of 492616
 365285 string characters out of 6129481
 599970 words of memory out of 5000000
 24348 multiletter control sequences out of 15000+600000
 591579 words of font info for 232 fonts, out of 8000000 for 9000
 1141 hyphenation exceptions out of 8191
 47i,15n,65p,3173b,496s stack positions out of 5000i,500n,10000p,200000b,80000s
pdfTeX warning (dest): name{subsection.7.5} has been referenced but does not 
exist, replaced by a fixed one

pdfTeX warning (dest): name{subsection.7.4} has been referenced but does not ex
ist, replaced by a fixed one

pdfTeX warning (dest): name{subsection.7.3} has been referenced but does not ex
ist, replaced by a fixed one

pdfTeX warning (dest): name{subsection.7.2} has been referenced but does not ex
ist, replaced by a fixed one

pdfTeX warning (dest): name{subsection.7.1} has been referenced but does not ex
ist, replaced by a fixed one

pdfTeX warning (dest): name{section.7} has been referenced but does not exist, 
replaced by a fixed one

{/usr/local/texlive/2019/texmf-dist/fonts/enc/dvips/cm-super/cm-super-t1.enc} <
/Users/prgmei/Library/texlive/2019/texmf-var/fonts/pk/ljfour/public/bbm/bbm10.6
00pk>{/usr/local/texlive/2019/texmf-dist/fonts/enc/dvips/base/8r.enc}</usr/loca
l/texlive/2019/texmf-dist/fonts/type1/public/amsfonts/cm/cmbx10.pfb></usr/local
/texlive/2019/texmf-dist/fonts/type1/public/amsfonts/cm/cmex10.pfb></usr/local/
texlive/2019/texmf-dist/fonts/type1/public/amsfonts/cm/cmmi10.pfb></usr/local/t
exlive/2019/texmf-dist/fonts/type1/public/amsfonts/cm/cmmi5.pfb></usr/local/tex
live/2019/texmf-dist/fonts/type1/public/amsfonts/cm/cmmi7.pfb></usr/local/texli
ve/2019/texmf-dist/fonts/type1/public/amsfonts/cm/cmmi9.pfb></usr/local/texlive
/2019/texmf-dist/fonts/type1/public/amsfonts/cm/cmr10.pfb></usr/local/texlive/2
019/texmf-dist/fonts/type1/public/amsfonts/cm/cmr5.pfb></usr/local/texlive/2019
/texmf-dist/fonts/type1/public/amsfonts/cm/cmr7.pfb></usr/local/texlive/2019/te
xmf-dist/fonts/type1/public/amsfonts/cm/cmsy10.pfb></usr/local/texlive/2019/tex
mf-dist/fonts/type1/public/amsfonts/cm/cmsy5.pfb></usr/local/texlive/2019/texmf
-dist/fonts/type1/public/amsfonts/cm/cmsy7.pfb></usr/local/texlive/2019/texmf-d
ist/fonts/type1/public/cm-super/sftt0900.pfb></usr/local/texlive/2019/texmf-dis
t/fonts/type1/public/cm-super/sftt1000.pfb></usr/local/texlive/2019/texmf-dist/
fonts/type1/urw/helvetic/uhvr8a.pfb></usr/local/texlive/2019/texmf-dist/fonts/t
ype1/urw/times/utmb8a.pfb></usr/local/texlive/2019/texmf-dist/fonts/type1/urw/t
imes/utmr8a.pfb></usr/local/texlive/2019/texmf-dist/fonts/type1/urw/times/utmri
8a.pfb>
Output written on iacm_nips2020.pdf (10 pages, 454569 bytes).
PDF statistics:
 354 PDF objects out of 1000 (max. 8388607)
 311 compressed objects within 4 object streams
 77 named destinations out of 1000 (max. 500000)
 30901 words of extra memory for PDF output out of 35830 (max. 10000000)

